<?xml version="1.0" encoding="UTF-8"?>
<!-- Generated by org.testng.reporters.JUnitXMLReporter -->
<testsuite ignored="0" hostname="IB-SEZ-LAP-984" failures="0" tests="5" name="Test" time="308.337" errors="0" timestamp="2022-02-03T15:50:25 IST">
  <testcase classname="com.floridapublicnotices.testcases.SearchAdds" name="Check_Add_ByDate" time="19.455"/>
  <testcase classname="com.floridapublicnotices.testcases.SearchAdds" name="Check_Add_ByPublication" time="41.969"/>
  <testcase classname="com.floridapublicnotices.testcases.SearchAdds" name="Check_Add_Miami" time="99.001"/>
  <testcase classname="com.floridapublicnotices.testcases.SearchAdds" name="Check_Add_Palm" time="73.976"/>
  <testcase classname="com.floridapublicnotices.testcases.SearchAdds" name="Check_Add_Broward" time="73.837"/>
</testsuite> <!-- Test -->
