<?xml version="1.0" encoding="UTF-8"?>
<!-- Generated by org.testng.reporters.JUnitXMLReporter -->
<testsuite ignored="0" hostname="IB-SEZ-LAP-793" failures="0" tests="5" name="Test" time="369.275" errors="0" timestamp="2021-12-06T15:40:04 IST">
  <testcase classname="com.floridapublicnotices.testcases.SearchAdds" name="Check_Add_ByDate" time="36.212"/>
  <testcase classname="com.floridapublicnotices.testcases.SearchAdds" name="Check_Add_ByPublication" time="55.208"/>
  <testcase classname="com.floridapublicnotices.testcases.SearchAdds" name="Check_Add_Miami" time="107.633"/>
  <testcase classname="com.floridapublicnotices.testcases.SearchAdds" name="Check_Add_Palm" time="86.119"/>
  <testcase classname="com.floridapublicnotices.testcases.SearchAdds" name="Check_Add_Broward" time="83.923"/>
</testsuite> <!-- Test -->
